frame: 1, left_eye_area: 244.0, right_eye_area: 219.0, left_eye_closed: 244.0, right_eye_closed: 219.0, left_eye_threshold: 219.6, right_eye_threshold: 197.1, blinkCounter: 0
frame: 2, left_eye_area: 218.0, right_eye_area: 215.0, left_eye_closed: 231.0, right_eye_closed: 217.0, left_eye_threshold: 207.9, right_eye_threshold: 195.3, blinkCounter: 0
frame: 3, left_eye_area: 219.0, right_eye_area: 209.5, left_eye_closed: 227.0, right_eye_closed: 214.5, left_eye_threshold: 204.3, right_eye_threshold: 193.05, blinkCounter: 0
frame: 4, left_eye_area: 180.0, right_eye_area: 177.0, left_eye_closed: 215.25, right_eye_closed: 205.125, left_eye_threshold: 193.725, right_eye_threshold: 184.6125, blinkCounter: 0
frame: 5, left_eye_area: 210.5, right_eye_area: 199.5, left_eye_closed: 214.3, right_eye_closed: 204.0, left_eye_threshold: 192.87, right_eye_threshold: 183.6, blinkCounter: 0
frame: 6, left_eye_area: 204.0, right_eye_area: 193.0, left_eye_closed: 207.6, right_eye_closed: 200.1, left_eye_threshold: 186.84, right_eye_threshold: 180.09, blinkCounter: 0
frame: 7, left_eye_area: 202.5, right_eye_area: 199.0, left_eye_closed: 204.8, right_eye_closed: 195.7, left_eye_threshold: 184.32000000000002, right_eye_threshold: 176.13, blinkCounter: 0
frame: 8, left_eye_area: 202.0, right_eye_area: 183.0, left_eye_closed: 201.5, right_eye_closed: 193.6, left_eye_threshold: 181.35, right_eye_threshold: 174.24, blinkCounter: 0
frame: 9, left_eye_area: 210.0, right_eye_area: 192.0, left_eye_closed: 205.9, right_eye_closed: 194.8, left_eye_threshold: 185.31, right_eye_threshold: 175.32000000000002, blinkCounter: 0
frame: 10, left_eye_area: 203.0, right_eye_area: 188.0, left_eye_closed: 205.8, right_eye_closed: 193.3, left_eye_threshold: 185.22000000000003, right_eye_threshold: 173.97000000000003, blinkCounter: 0
frame: 11, left_eye_area: 184.0, right_eye_area: 193.5, left_eye_closed: 204.3, right_eye_closed: 191.0, left_eye_threshold: 183.87, right_eye_threshold: 171.9, blinkCounter: 0
frame: 12, left_eye_area: 109.0, right_eye_area: 113.5, left_eye_closed: 200.3, right_eye_closed: 191.1, left_eye_threshold: 180.27, right_eye_threshold: 171.99, blinkCounter: 1
frame: 13, left_eye_area: 152.5, right_eye_area: 140.5, left_eye_closed: 200.3, right_eye_closed: 191.1, left_eye_threshold: 180.27, right_eye_threshold: 171.99, blinkCounter: 1
frame: 14, left_eye_area: 178.0, right_eye_area: 173.5, left_eye_closed: 200.3, right_eye_closed: 191.1, left_eye_threshold: 180.27, right_eye_threshold: 171.99, blinkCounter: 1
frame: 15, left_eye_area: 204.0, right_eye_area: 209.0, left_eye_closed: 200.3, right_eye_closed: 191.1, left_eye_threshold: 180.27, right_eye_threshold: 171.99, blinkCounter: 1
frame: 16, left_eye_area: 204.0, right_eye_area: 195.0, left_eye_closed: 200.6, right_eye_closed: 193.1, left_eye_threshold: 180.54, right_eye_threshold: 173.79, blinkCounter: 1
frame: 17, left_eye_area: 205.0, right_eye_area: 198.0, left_eye_closed: 201.0, right_eye_closed: 195.5, left_eye_threshold: 180.9, right_eye_threshold: 175.95000000000002, blinkCounter: 1
frame: 18, left_eye_area: 224.5, right_eye_area: 210.0, left_eye_closed: 200.0, right_eye_closed: 196.7, left_eye_threshold: 180.0, right_eye_threshold: 177.03, blinkCounter: 1
frame: 19, left_eye_area: 198.5, right_eye_area: 188.5, left_eye_closed: 204.3, right_eye_closed: 201.1, left_eye_threshold: 183.87, right_eye_threshold: 180.99, blinkCounter: 1
frame: 20, left_eye_area: 230.0, right_eye_area: 234.0, left_eye_closed: 207.2, right_eye_closed: 200.1, left_eye_threshold: 186.48, right_eye_threshold: 180.09, blinkCounter: 1
frame: 21, left_eye_area: 202.0, right_eye_area: 208.5, left_eye_closed: 212.4, right_eye_closed: 205.1, left_eye_threshold: 191.16, right_eye_threshold: 184.59, blinkCounter: 1
frame: 22, left_eye_area: 222.0, right_eye_area: 221.5, left_eye_closed: 212.0, right_eye_closed: 207.8, left_eye_threshold: 190.8, right_eye_threshold: 187.02, blinkCounter: 1
frame: 23, left_eye_area: 140.5, right_eye_area: 141.0, left_eye_closed: 215.4, right_eye_closed: 212.5, left_eye_threshold: 193.86, right_eye_threshold: 191.25, blinkCounter: 2
frame: 24, left_eye_area: 147.0, right_eye_area: 143.0, left_eye_closed: 215.4, right_eye_closed: 212.5, left_eye_threshold: 193.86, right_eye_threshold: 191.25, blinkCounter: 2
frame: 25, left_eye_area: 170.0, right_eye_area: 164.0, left_eye_closed: 215.4, right_eye_closed: 212.5, left_eye_threshold: 193.86, right_eye_threshold: 191.25, blinkCounter: 2
frame: 26, left_eye_area: 215.0, right_eye_area: 221.5, left_eye_closed: 215.4, right_eye_closed: 212.5, left_eye_threshold: 193.86, right_eye_threshold: 191.25, blinkCounter: 2
frame: 27, left_eye_area: 220.5, right_eye_area: 234.5, left_eye_closed: 213.5, right_eye_closed: 214.8, left_eye_threshold: 192.15, right_eye_threshold: 193.32000000000002, blinkCounter: 2
frame: 28, left_eye_area: 232.5, right_eye_area: 232.0, left_eye_closed: 217.9, right_eye_closed: 224.0, left_eye_threshold: 196.11, right_eye_threshold: 201.6, blinkCounter: 2
frame: 29, left_eye_area: 227.0, right_eye_area: 237.0, left_eye_closed: 218.4, right_eye_closed: 223.6, left_eye_threshold: 196.56, right_eye_threshold: 201.24, blinkCounter: 2
frame: 30, left_eye_area: 228.0, right_eye_area: 230.5, left_eye_closed: 223.4, right_eye_closed: 229.3, left_eye_threshold: 201.06, right_eye_threshold: 206.37, blinkCounter: 2
frame: 31, left_eye_area: 231.0, right_eye_area: 233.0, left_eye_closed: 224.6, right_eye_closed: 231.1, left_eye_threshold: 202.14, right_eye_threshold: 207.99, blinkCounter: 2
frame: 32, left_eye_area: 228.5, right_eye_area: 227.5, left_eye_closed: 227.8, right_eye_closed: 233.4, left_eye_threshold: 205.02, right_eye_threshold: 210.06, blinkCounter: 2
frame: 33, left_eye_area: 232.5, right_eye_area: 235.0, left_eye_closed: 229.4, right_eye_closed: 232.0, left_eye_threshold: 206.46, right_eye_threshold: 208.8, blinkCounter: 2
frame: 34, left_eye_area: 224.0, right_eye_area: 235.0, left_eye_closed: 229.4, right_eye_closed: 232.6, left_eye_threshold: 206.46, right_eye_threshold: 209.34, blinkCounter: 2
frame: 35, left_eye_area: 241.5, right_eye_area: 244.0, left_eye_closed: 228.8, right_eye_closed: 232.2, left_eye_threshold: 205.92000000000002, right_eye_threshold: 208.98, blinkCounter: 2
frame: 36, left_eye_area: 240.5, right_eye_area: 244.0, left_eye_closed: 231.5, right_eye_closed: 234.9, left_eye_threshold: 208.35, right_eye_threshold: 211.41, blinkCounter: 2
frame: 37, left_eye_area: 232.5, right_eye_area: 247.0, left_eye_closed: 233.4, right_eye_closed: 237.1, left_eye_threshold: 210.06, right_eye_threshold: 213.39, blinkCounter: 2
frame: 38, left_eye_area: 186.0, right_eye_area: 174.0, left_eye_closed: 234.2, right_eye_closed: 241.0, left_eye_threshold: 210.78, right_eye_threshold: 216.9, blinkCounter: 3
frame: 39, left_eye_area: 177.0, right_eye_area: 182.5, left_eye_closed: 234.2, right_eye_closed: 241.0, left_eye_threshold: 210.78, right_eye_threshold: 216.9, blinkCounter: 3
frame: 40, left_eye_area: 214.0, right_eye_area: 194.0, left_eye_closed: 234.2, right_eye_closed: 241.0, left_eye_threshold: 210.78, right_eye_threshold: 216.9, blinkCounter: 3
frame: 41, left_eye_area: 229.5, right_eye_area: 233.5, left_eye_closed: 234.2, right_eye_closed: 241.0, left_eye_threshold: 210.78, right_eye_threshold: 216.9, blinkCounter: 3
frame: 42, left_eye_area: 227.0, right_eye_area: 235.0, left_eye_closed: 233.6, right_eye_closed: 240.7, left_eye_threshold: 210.24, right_eye_threshold: 216.63, blinkCounter: 3
frame: 43, left_eye_area: 237.0, right_eye_area: 234.0, left_eye_closed: 234.2, right_eye_closed: 240.7, left_eye_threshold: 210.78, right_eye_threshold: 216.63, blinkCounter: 3
frame: 44, left_eye_area: 233.0, right_eye_area: 236.5, left_eye_closed: 233.3, right_eye_closed: 238.7, left_eye_threshold: 209.97000000000003, right_eye_threshold: 214.82999999999998, blinkCounter: 3
frame: 45, left_eye_area: 242.0, right_eye_area: 244.5, left_eye_closed: 231.8, right_eye_closed: 237.2, left_eye_threshold: 208.62, right_eye_threshold: 213.48, blinkCounter: 3
frame: 46, left_eye_area: 236.0, right_eye_area: 233.5, left_eye_closed: 233.7, right_eye_closed: 236.7, left_eye_threshold: 210.32999999999998, right_eye_threshold: 213.03, blinkCounter: 3
frame: 47, left_eye_area: 185.0, right_eye_area: 182.5, left_eye_closed: 235.0, right_eye_closed: 236.7, left_eye_threshold: 211.5, right_eye_threshold: 213.03, blinkCounter: 4
frame: 48, left_eye_area: 194.5, right_eye_area: 197.0, left_eye_closed: 235.0, right_eye_closed: 236.7, left_eye_threshold: 211.5, right_eye_threshold: 213.03, blinkCounter: 4
frame: 49, left_eye_area: 139.0, right_eye_area: 149.0, left_eye_closed: 235.0, right_eye_closed: 236.7, left_eye_threshold: 211.5, right_eye_threshold: 213.03, blinkCounter: 4
frame: 50, left_eye_area: 149.5, right_eye_area: 148.5, left_eye_closed: 235.0, right_eye_closed: 236.7, left_eye_threshold: 211.5, right_eye_threshold: 213.03, blinkCounter: 4
frame: 51, left_eye_area: 187.5, right_eye_area: 187.0, left_eye_closed: 235.0, right_eye_closed: 236.7, left_eye_threshold: 211.5, right_eye_threshold: 213.03, blinkCounter: 4
frame: 52, left_eye_area: 208.5, right_eye_area: 215.5, left_eye_closed: 235.0, right_eye_closed: 236.7, left_eye_threshold: 211.5, right_eye_threshold: 213.03, blinkCounter: 4
frame: 53, left_eye_area: 229.0, right_eye_area: 234.5, left_eye_closed: 235.0, right_eye_closed: 236.7, left_eye_threshold: 211.5, right_eye_threshold: 213.03, blinkCounter: 4
frame: 54, left_eye_area: 233.0, right_eye_area: 226.0, left_eye_closed: 235.4, right_eye_closed: 236.6, left_eye_threshold: 211.86, right_eye_threshold: 212.94, blinkCounter: 4
frame: 55, left_eye_area: 250.0, right_eye_area: 233.5, left_eye_closed: 234.6, right_eye_closed: 235.0, left_eye_threshold: 211.14, right_eye_threshold: 211.5, blinkCounter: 4
frame: 56, left_eye_area: 228.0, right_eye_area: 239.0, left_eye_closed: 238.0, right_eye_closed: 234.4, left_eye_threshold: 214.20000000000002, right_eye_threshold: 210.96, blinkCounter: 4
frame: 57, left_eye_area: 227.5, right_eye_area: 232.5, left_eye_closed: 235.2, right_eye_closed: 233.3, left_eye_threshold: 211.68, right_eye_threshold: 209.97000000000003, blinkCounter: 4
frame: 58, left_eye_area: 237.0, right_eye_area: 238.0, left_eye_closed: 233.5, right_eye_closed: 233.1, left_eye_threshold: 210.15, right_eye_threshold: 209.79, blinkCounter: 4
frame: 59, left_eye_area: 241.5, right_eye_area: 234.5, left_eye_closed: 235.1, right_eye_closed: 233.8, left_eye_threshold: 211.59, right_eye_threshold: 210.42000000000002, blinkCounter: 4
frame: 60, left_eye_area: 240.5, right_eye_area: 234.0, left_eye_closed: 236.8, right_eye_closed: 235.5, left_eye_threshold: 213.12, right_eye_threshold: 211.95000000000002, blinkCounter: 4
frame: 61, left_eye_area: 240.5, right_eye_area: 232.5, left_eye_closed: 234.9, right_eye_closed: 235.6, left_eye_threshold: 211.41, right_eye_threshold: 212.04, blinkCounter: 4
frame: 62, left_eye_area: 239.5, right_eye_area: 232.5, left_eye_closed: 237.4, right_eye_closed: 234.3, left_eye_threshold: 213.66, right_eye_threshold: 210.87, blinkCounter: 4
frame: 63, left_eye_area: 239.5, right_eye_area: 234.0, left_eye_closed: 239.8, right_eye_closed: 234.3, left_eye_threshold: 215.82000000000002, right_eye_threshold: 210.87, blinkCounter: 4
frame: 64, left_eye_area: 164.0, right_eye_area: 159.5, left_eye_closed: 240.3, right_eye_closed: 233.5, left_eye_threshold: 216.27, right_eye_threshold: 210.15, blinkCounter: 5
frame: 65, left_eye_area: 165.5, right_eye_area: 153.0, left_eye_closed: 240.3, right_eye_closed: 233.5, left_eye_threshold: 216.27, right_eye_threshold: 210.15, blinkCounter: 5
frame: 66, left_eye_area: 192.5, right_eye_area: 201.5, left_eye_closed: 240.3, right_eye_closed: 233.5, left_eye_threshold: 216.27, right_eye_threshold: 210.15, blinkCounter: 5
frame: 67, left_eye_area: 227.0, right_eye_area: 219.0, left_eye_closed: 240.3, right_eye_closed: 233.5, left_eye_threshold: 216.27, right_eye_threshold: 210.15, blinkCounter: 5
frame: 68, left_eye_area: 228.0, right_eye_area: 226.0, left_eye_closed: 237.4, right_eye_closed: 230.4, left_eye_threshold: 213.66, right_eye_threshold: 207.36, blinkCounter: 5
frame: 69, left_eye_area: 223.5, right_eye_area: 224.5, left_eye_closed: 234.9, right_eye_closed: 228.8, left_eye_threshold: 211.41, right_eye_threshold: 205.92000000000002, blinkCounter: 5
frame: 70, left_eye_area: 222.5, right_eye_area: 209.5, left_eye_closed: 231.5, right_eye_closed: 227.2, left_eye_threshold: 208.35, right_eye_threshold: 204.48, blinkCounter: 5
frame: 71, left_eye_area: 228.5, right_eye_area: 216.0, left_eye_closed: 228.1, right_eye_closed: 222.6, left_eye_threshold: 205.29, right_eye_threshold: 200.34, blinkCounter: 5
frame: 72, left_eye_area: 234.5, right_eye_area: 244.0, left_eye_closed: 225.9, right_eye_closed: 219.0, left_eye_threshold: 203.31, right_eye_threshold: 197.1, blinkCounter: 5
frame: 73, left_eye_area: 238.5, right_eye_area: 228.0, left_eye_closed: 227.4, right_eye_closed: 224.0, left_eye_threshold: 204.66, right_eye_threshold: 201.6, blinkCounter: 5
frame: 74, left_eye_area: 248.0, right_eye_area: 249.5, left_eye_closed: 229.5, right_eye_closed: 224.4, left_eye_threshold: 206.55, right_eye_threshold: 201.96, blinkCounter: 5
frame: 75, left_eye_area: 256.0, right_eye_area: 259.0, left_eye_closed: 234.4, right_eye_closed: 229.4, left_eye_threshold: 210.96, right_eye_threshold: 206.46, blinkCounter: 5
frame: 76, left_eye_area: 266.0, right_eye_area: 252.0, left_eye_closed: 241.1, right_eye_closed: 239.3, left_eye_threshold: 216.99, right_eye_threshold: 215.37, blinkCounter: 5
frame: 77, left_eye_area: 308.0, right_eye_area: 283.0, left_eye_closed: 248.6, right_eye_closed: 246.5, left_eye_threshold: 223.74, right_eye_threshold: 221.85, blinkCounter: 5
frame: 78, left_eye_area: 325.0, right_eye_area: 317.5, left_eye_closed: 263.3, right_eye_closed: 254.3, left_eye_threshold: 236.97000000000003, right_eye_threshold: 228.87, blinkCounter: 5
frame: 79, left_eye_area: 414.0, right_eye_area: 395.5, left_eye_closed: 280.6, right_eye_closed: 272.2, left_eye_threshold: 252.54000000000002, right_eye_threshold: 244.98, blinkCounter: 5
frame: 80, left_eye_area: 383.5, right_eye_area: 357.5, left_eye_closed: 313.8, right_eye_closed: 301.4, left_eye_threshold: 282.42, right_eye_threshold: 271.26, blinkCounter: 5
frame: 81, left_eye_area: 464.5, right_eye_area: 432.5, left_eye_closed: 339.3, right_eye_closed: 321.1, left_eye_threshold: 305.37, right_eye_threshold: 288.99, blinkCounter: 5
frame: 82, left_eye_area: 476.0, right_eye_area: 452.5, left_eye_closed: 379.0, right_eye_closed: 357.2, left_eye_threshold: 341.1, right_eye_threshold: 321.48, blinkCounter: 5
frame: 83, left_eye_area: 520.0, right_eye_area: 451.0, left_eye_closed: 412.6, right_eye_closed: 391.1, left_eye_threshold: 371.34000000000003, right_eye_threshold: 351.99, blinkCounter: 5
frame: 84, left_eye_area: 476.5, right_eye_area: 417.0, left_eye_closed: 451.6, right_eye_closed: 417.8, left_eye_threshold: 406.44000000000005, right_eye_threshold: 376.02000000000004, blinkCounter: 5
frame: 85, left_eye_area: 373.5, right_eye_area: 310.5, left_eye_closed: 464.1, right_eye_closed: 422.1, left_eye_threshold: 417.69000000000005, right_eye_threshold: 379.89000000000004, blinkCounter: 6
frame: 86, left_eye_area: 429.0, right_eye_area: 338.5, left_eye_closed: 464.1, right_eye_closed: 422.1, left_eye_threshold: 417.69000000000005, right_eye_threshold: 379.89000000000004, blinkCounter: 6
frame: 87, left_eye_area: 503.5, right_eye_area: 427.0, left_eye_closed: 464.1, right_eye_closed: 422.1, left_eye_threshold: 417.69000000000005, right_eye_threshold: 379.89000000000004, blinkCounter: 6
frame: 88, left_eye_area: 525.0, right_eye_area: 455.0, left_eye_closed: 488.1, right_eye_closed: 436.0, left_eye_threshold: 439.29, right_eye_threshold: 392.40000000000003, blinkCounter: 6
frame: 89, left_eye_area: 621.5, right_eye_area: 552.0, left_eye_closed: 500.2, right_eye_closed: 440.5, left_eye_threshold: 450.18, right_eye_threshold: 396.45, blinkCounter: 6
frame: 90, left_eye_area: 672.0, right_eye_area: 569.0, left_eye_closed: 529.3, right_eye_closed: 460.4, left_eye_threshold: 476.36999999999995, right_eye_threshold: 414.36, blinkCounter: 6
frame: 91, left_eye_area: 642.5, right_eye_area: 564.0, left_eye_closed: 559.7, right_eye_closed: 484.0, left_eye_threshold: 503.7300000000001, right_eye_threshold: 435.6, blinkCounter: 6
frame: 92, left_eye_area: 607.0, right_eye_area: 535.5, left_eye_closed: 592.9, right_eye_closed: 513.4, left_eye_threshold: 533.61, right_eye_threshold: 462.06, blinkCounter: 6
frame: 93, left_eye_area: 647.5, right_eye_area: 534.0, left_eye_closed: 613.6, right_eye_closed: 535.1, left_eye_threshold: 552.24, right_eye_threshold: 481.59000000000003, blinkCounter: 6
frame: 94, left_eye_area: 557.5, right_eye_area: 478.5, left_eye_closed: 638.1, right_eye_closed: 550.9, left_eye_threshold: 574.2900000000001, right_eye_threshold: 495.81, blinkCounter: 7
frame: 95, left_eye_area: 614.0, right_eye_area: 525.0, left_eye_closed: 638.1, right_eye_closed: 550.9, left_eye_threshold: 574.2900000000001, right_eye_threshold: 495.81, blinkCounter: 7
frame: 96, left_eye_area: 364.0, right_eye_area: 284.5, left_eye_closed: 636.6, right_eye_closed: 545.5, left_eye_threshold: 572.94, right_eye_threshold: 490.95, blinkCounter: 8
frame: 97, left_eye_area: 412.5, right_eye_area: 341.5, left_eye_closed: 636.6, right_eye_closed: 545.5, left_eye_threshold: 572.94, right_eye_threshold: 490.95, blinkCounter: 8
frame: 98, left_eye_area: 590.5, right_eye_area: 500.0, left_eye_closed: 636.6, right_eye_closed: 545.5, left_eye_threshold: 572.94, right_eye_threshold: 490.95, blinkCounter: 8
frame: 99, left_eye_area: 652.5, right_eye_area: 567.0, left_eye_closed: 620.3, right_eye_closed: 531.7, left_eye_threshold: 558.27, right_eye_threshold: 478.53000000000003, blinkCounter: 8
frame: 100, left_eye_area: 615.0, right_eye_area: 517.0, left_eye_closed: 622.3, right_eye_closed: 532.3, left_eye_threshold: 560.0699999999999, right_eye_threshold: 479.07, blinkCounter: 8
frame: 101, left_eye_area: 666.5, right_eye_area: 585.5, left_eye_closed: 623.9, right_eye_closed: 528.6, left_eye_threshold: 561.51, right_eye_threshold: 475.74, blinkCounter: 8
frame: 102, left_eye_area: 629.0, right_eye_area: 525.0, left_eye_closed: 627.7, right_eye_closed: 538.9, left_eye_threshold: 564.9300000000001, right_eye_threshold: 485.01, blinkCounter: 8
frame: 103, left_eye_area: 726.5, right_eye_area: 636.0, left_eye_closed: 630.7, right_eye_closed: 538.9, left_eye_threshold: 567.6300000000001, right_eye_threshold: 485.01, blinkCounter: 8
frame: 104, left_eye_area: 667.5, right_eye_area: 581.0, left_eye_closed: 657.9, right_eye_closed: 566.1, left_eye_threshold: 592.11, right_eye_threshold: 509.49, blinkCounter: 8
frame: 105, left_eye_area: 775.5, right_eye_area: 664.0, left_eye_closed: 660.9, right_eye_closed: 568.9, left_eye_threshold: 594.81, right_eye_threshold: 512.01, blinkCounter: 8
frame: 106, left_eye_area: 725.5, right_eye_area: 629.5, left_eye_closed: 693.0, right_eye_closed: 598.3, left_eye_threshold: 623.7, right_eye_threshold: 538.47, blinkCounter: 8
frame: 107, left_eye_area: 729.5, right_eye_area: 634.5, left_eye_closed: 704.8, right_eye_closed: 607.1, left_eye_threshold: 634.3199999999999, right_eye_threshold: 546.39, blinkCounter: 8
frame: 108, left_eye_area: 572.0, right_eye_area: 444.5, left_eye_closed: 724.9, right_eye_closed: 629.0, left_eye_threshold: 652.41, right_eye_threshold: 566.1, blinkCounter: 9
frame: 109, left_eye_area: 546.5, right_eye_area: 455.0, left_eye_closed: 724.9, right_eye_closed: 629.0, left_eye_threshold: 652.41, right_eye_threshold: 566.1, blinkCounter: 9
frame: 110, left_eye_area: 525.5, right_eye_area: 452.5, left_eye_closed: 724.9, right_eye_closed: 629.0, left_eye_threshold: 652.41, right_eye_threshold: 566.1, blinkCounter: 9
frame: 111, left_eye_area: 639.5, right_eye_area: 537.0, left_eye_closed: 724.9, right_eye_closed: 629.0, left_eye_threshold: 652.41, right_eye_threshold: 566.1, blinkCounter: 9
frame: 112, left_eye_area: 710.0, right_eye_area: 595.0, left_eye_closed: 724.9, right_eye_closed: 629.0, left_eye_threshold: 652.41, right_eye_threshold: 566.1, blinkCounter: 9
frame: 113, left_eye_area: 701.0, right_eye_area: 599.5, left_eye_closed: 721.6, right_eye_closed: 620.8, left_eye_threshold: 649.44, right_eye_threshold: 558.72, blinkCounter: 9
frame: 114, left_eye_area: 745.5, right_eye_area: 624.5, left_eye_closed: 728.3, right_eye_closed: 624.5, left_eye_threshold: 655.47, right_eye_threshold: 562.0500000000001, blinkCounter: 9
frame: 115, left_eye_area: 734.5, right_eye_area: 624.0, left_eye_closed: 722.3, right_eye_closed: 616.6, left_eye_threshold: 650.0699999999999, right_eye_threshold: 554.94, blinkCounter: 9
frame: 116, left_eye_area: 819.5, right_eye_area: 693.5, left_eye_closed: 724.1, right_eye_closed: 615.5, left_eye_threshold: 651.69, right_eye_threshold: 553.95, blinkCounter: 9
frame: 117, left_eye_area: 813.5, right_eye_area: 690.5, left_eye_closed: 742.1, right_eye_closed: 627.3, left_eye_threshold: 667.89, right_eye_threshold: 564.5699999999999, blinkCounter: 9
frame: 118, left_eye_area: 518.0, right_eye_area: 453.0, left_eye_closed: 762.8, right_eye_closed: 646.4, left_eye_threshold: 686.52, right_eye_threshold: 581.76, blinkCounter: 10
frame: 119, left_eye_area: 517.0, right_eye_area: 437.0, left_eye_closed: 762.8, right_eye_closed: 646.4, left_eye_threshold: 686.52, right_eye_threshold: 581.76, blinkCounter: 10
frame: 120, left_eye_area: 663.0, right_eye_area: 525.0, left_eye_closed: 762.8, right_eye_closed: 646.4, left_eye_threshold: 686.52, right_eye_threshold: 581.76, blinkCounter: 10
frame: 121, left_eye_area: 738.5, right_eye_area: 590.5, left_eye_closed: 762.8, right_eye_closed: 646.4, left_eye_threshold: 686.52, right_eye_threshold: 581.76, blinkCounter: 10
frame: 122, left_eye_area: 728.5, right_eye_area: 641.0, left_eye_closed: 770.3, right_eye_closed: 644.6, left_eye_threshold: 693.27, right_eye_threshold: 580.14, blinkCounter: 10
frame: 123, left_eye_area: 722.5, right_eye_area: 636.5, left_eye_closed: 766.9, right_eye_closed: 647.9, left_eye_threshold: 690.21, right_eye_threshold: 583.11, blinkCounter: 10
frame: 124, left_eye_area: 744.0, right_eye_area: 616.5, left_eye_closed: 764.5, right_eye_closed: 650.4, left_eye_threshold: 688.0500000000001, right_eye_threshold: 585.36, blinkCounter: 10
frame: 125, left_eye_area: 693.5, right_eye_area: 610.5, left_eye_closed: 749.4, right_eye_closed: 635.0, left_eye_threshold: 674.46, right_eye_threshold: 571.5, blinkCounter: 10
frame: 126, left_eye_area: 743.0, right_eye_area: 648.0, left_eye_closed: 725.4, right_eye_closed: 619.0, left_eye_threshold: 652.86, right_eye_threshold: 557.1, blinkCounter: 10
frame: 127, left_eye_area: 730.5, right_eye_area: 639.5, left_eye_closed: 726.3, right_eye_closed: 630.5, left_eye_threshold: 653.67, right_eye_threshold: 567.45, blinkCounter: 10
frame: 128, left_eye_area: 724.5, right_eye_area: 628.5, left_eye_closed: 726.7, right_eye_closed: 630.2, left_eye_threshold: 654.0300000000001, right_eye_threshold: 567.1800000000001, blinkCounter: 10
frame: 129, left_eye_area: 627.5, right_eye_area: 566.0, left_eye_closed: 727.1, right_eye_closed: 628.6, left_eye_threshold: 654.39, right_eye_threshold: 565.74, blinkCounter: 11
frame: 130, left_eye_area: 573.5, right_eye_area: 518.5, left_eye_closed: 727.1, right_eye_closed: 628.6, left_eye_threshold: 654.39, right_eye_threshold: 565.74, blinkCounter: 11
frame: 131, left_eye_area: 557.5, right_eye_area: 485.5, left_eye_closed: 727.1, right_eye_closed: 628.6, left_eye_threshold: 654.39, right_eye_threshold: 565.74, blinkCounter: 11
frame: 132, left_eye_area: 508.5, right_eye_area: 481.0, left_eye_closed: 727.1, right_eye_closed: 628.6, left_eye_threshold: 654.39, right_eye_threshold: 565.74, blinkCounter: 11
frame: 133, left_eye_area: 476.0, right_eye_area: 447.0, left_eye_closed: 727.1, right_eye_closed: 628.6, left_eye_threshold: 654.39, right_eye_threshold: 565.74, blinkCounter: 11
frame: 134, left_eye_area: 412.5, right_eye_area: 397.5, left_eye_closed: 727.1, right_eye_closed: 628.6, left_eye_threshold: 654.39, right_eye_threshold: 565.74, blinkCounter: 11
frame: 135, left_eye_area: 392.0, right_eye_area: 351.0, left_eye_closed: 727.1, right_eye_closed: 628.6, left_eye_threshold: 654.39, right_eye_threshold: 565.74, blinkCounter: 11
frame: 136, left_eye_area: 377.5, right_eye_area: 335.0, left_eye_closed: 727.1, right_eye_closed: 628.6, left_eye_threshold: 654.39, right_eye_threshold: 565.74, blinkCounter: 11
frame: 137, left_eye_area: 322.0, right_eye_area: 291.5, left_eye_closed: 727.1, right_eye_closed: 628.6, left_eye_threshold: 654.39, right_eye_threshold: 565.74, blinkCounter: 11
frame: 138, left_eye_area: 281.0, right_eye_area: 262.0, left_eye_closed: 727.1, right_eye_closed: 628.6, left_eye_threshold: 654.39, right_eye_threshold: 565.74, blinkCounter: 11
frame: 139, left_eye_area: 294.5, right_eye_area: 266.5, left_eye_closed: 727.1, right_eye_closed: 628.6, left_eye_threshold: 654.39, right_eye_threshold: 565.74, blinkCounter: 11
frame: 140, left_eye_area: 260.5, right_eye_area: 241.5, left_eye_closed: 727.1, right_eye_closed: 628.6, left_eye_threshold: 654.39, right_eye_threshold: 565.74, blinkCounter: 11
frame: 141, left_eye_area: 271.5, right_eye_area: 239.5, left_eye_closed: 727.1, right_eye_closed: 628.6, left_eye_threshold: 654.39, right_eye_threshold: 565.74, blinkCounter: 11
frame: 142, left_eye_area: 213.5, right_eye_area: 213.0, left_eye_closed: 727.1, right_eye_closed: 628.6, left_eye_threshold: 654.39, right_eye_threshold: 565.74, blinkCounter: 11
frame: 143, left_eye_area: 249.0, right_eye_area: 235.5, left_eye_closed: 727.1, right_eye_closed: 628.6, left_eye_threshold: 654.39, right_eye_threshold: 565.74, blinkCounter: 11
frame: 144, left_eye_area: 194.0, right_eye_area: 185.0, left_eye_closed: 727.1, right_eye_closed: 628.6, left_eye_threshold: 654.39, right_eye_threshold: 565.74, blinkCounter: 11
frame: 145, left_eye_area: 209.0, right_eye_area: 197.0, left_eye_closed: 727.1, right_eye_closed: 628.6, left_eye_threshold: 654.39, right_eye_threshold: 565.74, blinkCounter: 11
frame: 146, left_eye_area: 190.5, right_eye_area: 195.5, left_eye_closed: 727.1, right_eye_closed: 628.6, left_eye_threshold: 654.39, right_eye_threshold: 565.74, blinkCounter: 11
frame: 147, left_eye_area: 207.0, right_eye_area: 191.0, left_eye_closed: 727.1, right_eye_closed: 628.6, left_eye_threshold: 654.39, right_eye_threshold: 565.74, blinkCounter: 11
frame: 148, left_eye_area: 196.5, right_eye_area: 193.5, left_eye_closed: 727.1, right_eye_closed: 628.6, left_eye_threshold: 654.39, right_eye_threshold: 565.74, blinkCounter: 11
frame: 149, left_eye_area: 188.0, right_eye_area: 184.5, left_eye_closed: 727.1, right_eye_closed: 628.6, left_eye_threshold: 654.39, right_eye_threshold: 565.74, blinkCounter: 11
frame: 150, left_eye_area: 200.5, right_eye_area: 199.0, left_eye_closed: 727.1, right_eye_closed: 628.6, left_eye_threshold: 654.39, right_eye_threshold: 565.74, blinkCounter: 11
frame: 151, left_eye_area: 210.5, right_eye_area: 202.5, left_eye_closed: 727.1, right_eye_closed: 628.6, left_eye_threshold: 654.39, right_eye_threshold: 565.74, blinkCounter: 11
frame: 152, left_eye_area: 209.5, right_eye_area: 202.5, left_eye_closed: 727.1, right_eye_closed: 628.6, left_eye_threshold: 654.39, right_eye_threshold: 565.74, blinkCounter: 11
frame: 153, left_eye_area: 200.5, right_eye_area: 183.5, left_eye_closed: 727.1, right_eye_closed: 628.6, left_eye_threshold: 654.39, right_eye_threshold: 565.74, blinkCounter: 11
frame: 154, left_eye_area: 199.5, right_eye_area: 193.0, left_eye_closed: 727.1, right_eye_closed: 628.6, left_eye_threshold: 654.39, right_eye_threshold: 565.74, blinkCounter: 11
frame: 155, left_eye_area: 210.5, right_eye_area: 202.5, left_eye_closed: 727.1, right_eye_closed: 628.6, left_eye_threshold: 654.39, right_eye_threshold: 565.74, blinkCounter: 11
frame: 156, left_eye_area: 209.5, right_eye_area: 199.5, left_eye_closed: 727.1, right_eye_closed: 628.6, left_eye_threshold: 654.39, right_eye_threshold: 565.74, blinkCounter: 11
frame: 157, left_eye_area: 204.5, right_eye_area: 199.0, left_eye_closed: 727.1, right_eye_closed: 628.6, left_eye_threshold: 654.39, right_eye_threshold: 565.74, blinkCounter: 11
frame: 158, left_eye_area: 211.5, right_eye_area: 198.0, left_eye_closed: 727.1, right_eye_closed: 628.6, left_eye_threshold: 654.39, right_eye_threshold: 565.74, blinkCounter: 11
frame: 159, left_eye_area: 218.0, right_eye_area: 203.0, left_eye_closed: 727.1, right_eye_closed: 628.6, left_eye_threshold: 654.39, right_eye_threshold: 565.74, blinkCounter: 11
frame: 160, left_eye_area: 210.5, right_eye_area: 201.5, left_eye_closed: 727.1, right_eye_closed: 628.6, left_eye_threshold: 654.39, right_eye_threshold: 565.74, blinkCounter: 11
frame: 161, left_eye_area: 201.5, right_eye_area: 197.0, left_eye_closed: 727.1, right_eye_closed: 628.6, left_eye_threshold: 654.39, right_eye_threshold: 565.74, blinkCounter: 11
frame: 162, left_eye_area: 200.5, right_eye_area: 195.5, left_eye_closed: 727.1, right_eye_closed: 628.6, left_eye_threshold: 654.39, right_eye_threshold: 565.74, blinkCounter: 11
frame: 163, left_eye_area: 128.5, right_eye_area: 123.0, left_eye_closed: 727.1, right_eye_closed: 628.6, left_eye_threshold: 654.39, right_eye_threshold: 565.74, blinkCounter: 11
frame: 164, left_eye_area: 139.0, right_eye_area: 138.5, left_eye_closed: 727.1, right_eye_closed: 628.6, left_eye_threshold: 654.39, right_eye_threshold: 565.74, blinkCounter: 11
frame: 165, left_eye_area: 191.0, right_eye_area: 185.5, left_eye_closed: 727.1, right_eye_closed: 628.6, left_eye_threshold: 654.39, right_eye_threshold: 565.74, blinkCounter: 11
frame: 166, left_eye_area: 200.5, right_eye_area: 185.0, left_eye_closed: 727.1, right_eye_closed: 628.6, left_eye_threshold: 654.39, right_eye_threshold: 565.74, blinkCounter: 11
frame: 167, left_eye_area: 213.5, right_eye_area: 192.0, left_eye_closed: 727.1, right_eye_closed: 628.6, left_eye_threshold: 654.39, right_eye_threshold: 565.74, blinkCounter: 11
frame: 168, left_eye_area: 216.0, right_eye_area: 203.5, left_eye_closed: 727.1, right_eye_closed: 628.6, left_eye_threshold: 654.39, right_eye_threshold: 565.74, blinkCounter: 11
frame: 169, left_eye_area: 214.5, right_eye_area: 208.5, left_eye_closed: 727.1, right_eye_closed: 628.6, left_eye_threshold: 654.39, right_eye_threshold: 565.74, blinkCounter: 11
frame: 170, left_eye_area: 224.5, right_eye_area: 218.5, left_eye_closed: 727.1, right_eye_closed: 628.6, left_eye_threshold: 654.39, right_eye_threshold: 565.74, blinkCounter: 11
frame: 171, left_eye_area: 224.5, right_eye_area: 214.5, left_eye_closed: 727.1, right_eye_closed: 628.6, left_eye_threshold: 654.39, right_eye_threshold: 565.74, blinkCounter: 11
frame: 172, left_eye_area: 223.0, right_eye_area: 214.5, left_eye_closed: 727.1, right_eye_closed: 628.6, left_eye_threshold: 654.39, right_eye_threshold: 565.74, blinkCounter: 11
frame: 173, left_eye_area: 217.0, right_eye_area: 207.0, left_eye_closed: 727.1, right_eye_closed: 628.6, left_eye_threshold: 654.39, right_eye_threshold: 565.74, blinkCounter: 11
frame: 174, left_eye_area: 203.0, right_eye_area: 208.0, left_eye_closed: 727.1, right_eye_closed: 628.6, left_eye_threshold: 654.39, right_eye_threshold: 565.74, blinkCounter: 11
frame: 175, left_eye_area: 201.5, right_eye_area: 192.5, left_eye_closed: 727.1, right_eye_closed: 628.6, left_eye_threshold: 654.39, right_eye_threshold: 565.74, blinkCounter: 11
frame: 176, left_eye_area: 191.0, right_eye_area: 183.0, left_eye_closed: 727.1, right_eye_closed: 628.6, left_eye_threshold: 654.39, right_eye_threshold: 565.74, blinkCounter: 11
frame: 177, left_eye_area: 197.5, right_eye_area: 180.0, left_eye_closed: 727.1, right_eye_closed: 628.6, left_eye_threshold: 654.39, right_eye_threshold: 565.74, blinkCounter: 11
frame: 178, left_eye_area: 193.0, right_eye_area: 177.5, left_eye_closed: 727.1, right_eye_closed: 628.6, left_eye_threshold: 654.39, right_eye_threshold: 565.74, blinkCounter: 11
frame: 179, left_eye_area: 189.5, right_eye_area: 183.5, left_eye_closed: 727.1, right_eye_closed: 628.6, left_eye_threshold: 654.39, right_eye_threshold: 565.74, blinkCounter: 11
frame: 180, left_eye_area: 172.5, right_eye_area: 164.0, left_eye_closed: 727.1, right_eye_closed: 628.6, left_eye_threshold: 654.39, right_eye_threshold: 565.74, blinkCounter: 11
frame: 181, left_eye_area: 136.5, right_eye_area: 122.5, left_eye_closed: 727.1, right_eye_closed: 628.6, left_eye_threshold: 654.39, right_eye_threshold: 565.74, blinkCounter: 11
frame: 182, left_eye_area: 135.0, right_eye_area: 136.5, left_eye_closed: 727.1, right_eye_closed: 628.6, left_eye_threshold: 654.39, right_eye_threshold: 565.74, blinkCounter: 11
frame: 183, left_eye_area: 165.5, right_eye_area: 155.5, left_eye_closed: 727.1, right_eye_closed: 628.6, left_eye_threshold: 654.39, right_eye_threshold: 565.74, blinkCounter: 11
frame: 184, left_eye_area: 194.0, right_eye_area: 179.5, left_eye_closed: 727.1, right_eye_closed: 628.6, left_eye_threshold: 654.39, right_eye_threshold: 565.74, blinkCounter: 11
frame: 185, left_eye_area: 203.5, right_eye_area: 195.5, left_eye_closed: 727.1, right_eye_closed: 628.6, left_eye_threshold: 654.39, right_eye_threshold: 565.74, blinkCounter: 11
frame: 186, left_eye_area: 205.0, right_eye_area: 200.5, left_eye_closed: 727.1, right_eye_closed: 628.6, left_eye_threshold: 654.39, right_eye_threshold: 565.74, blinkCounter: 11
